[31m[2025-09-23T23:20:38.915Z] [ERROR] Failed to send message from makar4ik: User is not authenticated.[0m
[31m[2025-09-23T23:20:40.131Z] [ERROR] Failed to send message from B_O_R_O_D_A: User is not authenticated.[0m
[31m[2025-09-23T23:20:41.963Z] [ERROR] Failed to send message from Dudgelord: User is not authenticated.[0m
[31m[2025-09-23T23:20:43.179Z] [ERROR] Failed to send message from mostkovoj148: User is not authenticated.[0m
[31m[2025-09-23T23:20:44.419Z] [ERROR] Failed to send message from TOP1_XIM3ABO: User is not authenticated.[0m
[31m[2025-09-23T23:20:45.646Z] [ERROR] Failed to send message from Xsolla: User is not authenticated.[0m
[31m[2025-09-23T23:20:46.877Z] [ERROR] Failed to send message from ArtemGotlib: User is not authenticated.[0m
[31m[2025-09-23T23:20:48.211Z] [ERROR] Failed to send message from BarbiGirl52: User is not authenticated.[0m
[31m[2025-09-23T23:20:49.441Z] [ERROR] Failed to send message from Benzotape7: User is not authenticated.[0m
[31m[2025-09-23T23:20:50.657Z] [ERROR] Failed to send message from bloodmotherr: User is not authenticated.[0m
[31m[2025-09-23T23:20:51.891Z] [ERROR] Failed to send message from BomjastiK: User is not authenticated.[0m
[31m[2025-09-23T23:20:53.100Z] [ERROR] Failed to send message from BroToxi: User is not authenticated.[0m
[31m[2025-09-23T23:20:54.349Z] [ERROR] Failed to send message from Bushhidoo: User is not authenticated.[0m
[31m[2025-09-23T23:20:55.581Z] [ERROR] Failed to send message from CandyBunker: User is not authenticated.[0m
[31m[2025-09-23T23:20:56.810Z] [ERROR] Failed to send message from MisterBarabolya: User is not authenticated.[0m
[31m[2025-09-23T23:20:58.140Z] [ERROR] Failed to send message from dedisterr: User is not authenticated.[0m
[31m[2025-09-23T23:20:59.354Z] [ERROR] Failed to send message from FireArcher1: User is not authenticated.[0m
[31m[2025-09-23T23:21:00.596Z] [ERROR] Failed to send message from gartobarboss: User is not authenticated.[0m
[31m[2025-09-23T23:21:01.828Z] [ERROR] Failed to send message from thetusk_88: User is not authenticated.[0m
[31m[2025-09-23T23:21:03.054Z] [ERROR] Failed to send message from Jakijan: User is not authenticated.[0m
[31m[2025-09-23T23:21:04.282Z] [ERROR] Failed to send message from stariy_goose: User is not authenticated.[0m
[31m[2025-09-23T23:23:49.981Z] [ERROR] Failed to send message from makar4ik: User is not authenticated.[0m
[31m[2025-09-23T23:23:51.205Z] [ERROR] Failed to send message from B_O_R_O_D_A: User is not authenticated.[0m
[31m[2025-09-23T23:23:52.422Z] [ERROR] Failed to send message from Dudgelord: User is not authenticated.[0m
[31m[2025-09-23T23:23:53.754Z] [ERROR] Failed to send message from mostkovoj148: User is not authenticated.[0m
[31m[2025-09-23T23:23:55.085Z] [ERROR] Failed to send message from TOP1_XIM3ABO: User is not authenticated.[0m
[31m[2025-09-23T23:23:56.415Z] [ERROR] Failed to send message from Xsolla: User is not authenticated.[0m
[31m[2025-09-23T23:23:57.645Z] [ERROR] Failed to send message from ArtemGotlib: User is not authenticated.[0m
[31m[2025-09-23T23:23:58.976Z] [ERROR] Failed to send message from BarbiGirl52: User is not authenticated.[0m
[31m[2025-09-23T23:24:00.205Z] [ERROR] Failed to send message from Benzotape7: User is not authenticated.[0m
[31m[2025-09-23T23:24:01.433Z] [ERROR] Failed to send message from bloodmotherr: User is not authenticated.[0m
[31m[2025-09-23T23:24:02.763Z] [ERROR] Failed to send message from BomjastiK: User is not authenticated.[0m
[31m[2025-09-23T23:24:03.991Z] [ERROR] Failed to send message from BroToxi: User is not authenticated.[0m
[31m[2025-09-23T23:24:05.222Z] [ERROR] Failed to send message from Bushhidoo: User is not authenticated.[0m
[31m[2025-09-23T23:24:06.653Z] [ERROR] Failed to send message from CandyBunker: User is not authenticated.[0m
[31m[2025-09-23T23:24:07.882Z] [ERROR] Failed to send message from MisterBarabolya: User is not authenticated.[0m
[31m[2025-09-23T23:24:09.111Z] [ERROR] Failed to send message from dedisterr: User is not authenticated.[0m
[31m[2025-09-23T23:24:10.340Z] [ERROR] Failed to send message from FireArcher1: User is not authenticated.[0m
[31m[2025-09-23T23:24:11.568Z] [ERROR] Failed to send message from gartobarboss: User is not authenticated.[0m
[31m[2025-09-23T23:24:12.900Z] [ERROR] Failed to send message from thetusk_88: User is not authenticated.[0m
[31m[2025-09-23T23:24:14.231Z] [ERROR] Failed to send message from Jakijan: User is not authenticated.[0m
[31m[2025-09-23T23:24:15.562Z] [ERROR] Failed to send message from stariy_goose: User is not authenticated.[0m
[31m[2025-09-23T23:36:24.661Z] [ERROR] Failed to send message from makar4ik: User is not authenticated.[0m
[31m[2025-09-23T23:36:25.973Z] [ERROR] Failed to send message from B_O_R_O_D_A: User is not authenticated.[0m
[31m[2025-09-23T23:36:27.182Z] [ERROR] Failed to send message from Dudgelord: User is not authenticated.[0m
[31m[2025-09-23T23:36:28.433Z] [ERROR] Failed to send message from mostkovoj148: User is not authenticated.[0m
[31m[2025-09-23T23:36:29.761Z] [ERROR] Failed to send message from TOP1_XIM3ABO: User is not authenticated.[0m
[31m[2025-09-23T23:36:30.994Z] [ERROR] Failed to send message from Xsolla: User is not authenticated.[0m
[31m[2025-09-23T23:36:32.219Z] [ERROR] Failed to send message from ArtemGotlib: User is not authenticated.[0m
[31m[2025-09-23T23:36:33.449Z] [ERROR] Failed to send message from BarbiGirl52: User is not authenticated.[0m
[31m[2025-09-23T23:40:35.904Z] [ERROR] Failed to send message from makar4ik: User is not authenticated.[0m
[31m[2025-09-23T23:40:37.157Z] [ERROR] Failed to send message from B_O_R_O_D_A: User is not authenticated.[0m
[31m[2025-09-23T23:40:38.488Z] [ERROR] Failed to send message from Dudgelord: User is not authenticated.[0m
[31m[2025-09-23T23:40:39.700Z] [ERROR] Failed to send message from mostkovoj148: User is not authenticated.[0m
[31m[2025-09-23T23:40:40.947Z] [ERROR] Failed to send message from TOP1_XIM3ABO: User is not authenticated.[0m
[31m[2025-09-23T23:40:42.276Z] [ERROR] Failed to send message from Xsolla: User is not authenticated.[0m
[31m[2025-09-23T23:40:43.502Z] [ERROR] Failed to send message from ArtemGotlib: User is not authenticated.[0m
[31m[2025-09-23T23:40:44.733Z] [ERROR] Failed to send message from BarbiGirl52: User is not authenticated.[0m
[31m[2025-09-23T23:40:45.962Z] [ERROR] Failed to send message from Benzotape7: User is not authenticated.[0m
[31m[2025-09-23T23:40:47.175Z] [ERROR] Failed to send message from bloodmotherr: User is not authenticated.[0m
[31m[2025-09-23T23:40:48.418Z] [ERROR] Failed to send message from BomjastiK: User is not authenticated.[0m
[31m[2025-09-23T23:40:49.647Z] [ERROR] Failed to send message from BroToxi: User is not authenticated.[0m
[31m[2025-09-23T23:40:50.876Z] [ERROR] Failed to send message from Bushhidoo: User is not authenticated.[0m
[31m[2025-09-23T23:40:52.105Z] [ERROR] Failed to send message from CandyBunker: User is not authenticated.[0m
[31m[2025-09-23T23:40:53.333Z] [ERROR] Failed to send message from MisterBarabolya: User is not authenticated.[0m
[31m[2025-09-23T23:40:54.666Z] [ERROR] Failed to send message from dedisterr: User is not authenticated.[0m
[31m[2025-09-23T23:40:55.880Z] [ERROR] Failed to send message from FireArcher1: User is not authenticated.[0m
[31m[2025-09-23T23:40:57.124Z] [ERROR] Failed to send message from gartobarboss: User is not authenticated.[0m
[31m[2025-09-23T23:40:58.454Z] [ERROR] Failed to send message from thetusk_88: User is not authenticated.[0m
[31m[2025-09-23T23:41:00.196Z] [ERROR] Failed to send message from Jakijan: User is not authenticated.[0m
[31m[2025-09-23T23:41:01.410Z] [ERROR] Failed to send message from stariy_goose: User is not authenticated.[0m
[31m[2025-09-24T00:00:56.330Z] [ERROR] Failed to send message from makar4ik: User is not authenticated.[0m
[31m[2025-09-24T00:00:57.645Z] [ERROR] Failed to send message from B_O_R_O_D_A: User is not authenticated.[0m
[31m[2025-09-24T00:00:58.874Z] [ERROR] Failed to send message from Dudgelord: User is not authenticated.[0m
[31m[2025-09-24T00:01:00.104Z] [ERROR] Failed to send message from mostkovoj148: User is not authenticated.[0m
[31m[2025-09-24T00:01:01.332Z] [ERROR] Failed to send message from TOP1_XIM3ABO: User is not authenticated.[0m
[31m[2025-09-24T00:01:02.572Z] [ERROR] Failed to send message from Xsolla: User is not authenticated.[0m
[31m[2025-09-24T00:01:03.892Z] [ERROR] Failed to send message from ArtemGotlib: User is not authenticated.[0m
[31m[2025-09-24T00:01:05.123Z] [ERROR] Failed to send message from BarbiGirl52: User is not authenticated.[0m
[31m[2025-09-24T00:01:06.452Z] [ERROR] Failed to send message from Benzotape7: User is not authenticated.[0m
[31m[2025-09-24T00:01:07.782Z] [ERROR] Failed to send message from bloodmotherr: User is not authenticated.[0m
[31m[2025-09-24T00:01:09.113Z] [ERROR] Failed to send message from BomjastiK: User is not authenticated.[0m
[31m[2025-09-24T00:01:10.342Z] [ERROR] Failed to send message from BroToxi: User is not authenticated.[0m
[31m[2025-09-24T00:01:11.570Z] [ERROR] Failed to send message from Bushhidoo: User is not authenticated.[0m
[31m[2025-09-24T00:01:12.799Z] [ERROR] Failed to send message from CandyBunker: User is not authenticated.[0m
[31m[2025-09-24T00:01:14.130Z] [ERROR] Failed to send message from MisterBarabolya: User is not authenticated.[0m
[31m[2025-09-24T00:01:15.360Z] [ERROR] Failed to send message from dedisterr: User is not authenticated.[0m
[31m[2025-09-24T00:01:16.587Z] [ERROR] Failed to send message from FireArcher1: User is not authenticated.[0m
[31m[2025-09-24T00:01:17.921Z] [ERROR] Failed to send message from gartobarboss: User is not authenticated.[0m
[31m[2025-09-24T00:01:19.149Z] [ERROR] Failed to send message from thetusk_88: User is not authenticated.[0m
[31m[2025-09-24T00:01:20.377Z] [ERROR] Failed to send message from Jakijan: User is not authenticated.[0m
[31m[2025-09-24T00:01:21.608Z] [ERROR] Failed to send message from stariy_goose: User is not authenticated.[0m
[31m[2025-09-24T00:03:32.392Z] [ERROR] Failed to send message from makar4ik: User is not authenticated.[0m
[31m[2025-09-24T00:03:33.701Z] [ERROR] Failed to send message from B_O_R_O_D_A: User is not authenticated.[0m
[31m[2025-09-24T00:03:35.443Z] [ERROR] Failed to send message from Dudgelord: User is not authenticated.[0m
[31m[2025-09-24T00:03:36.763Z] [ERROR] Failed to send message from mostkovoj148: User is not authenticated.[0m
[31m[2025-09-24T00:03:38.001Z] [ERROR] Failed to send message from TOP1_XIM3ABO: User is not authenticated.[0m
[31m[2025-09-24T00:03:39.336Z] [ERROR] Failed to send message from Xsolla: User is not authenticated.[0m
[31m[2025-09-24T00:03:40.663Z] [ERROR] Failed to send message from ArtemGotlib: User is not authenticated.[0m
[31m[2025-09-24T00:03:41.893Z] [ERROR] Failed to send message from BarbiGirl52: User is not authenticated.[0m
[31m[2025-09-24T00:03:43.227Z] [ERROR] Failed to send message from Benzotape7: User is not authenticated.[0m
[31m[2025-09-24T00:03:44.554Z] [ERROR] Failed to send message from bloodmotherr: User is not authenticated.[0m
[31m[2025-09-24T00:03:45.869Z] [ERROR] Failed to send message from BomjastiK: User is not authenticated.[0m
[31m[2025-09-24T00:03:47.628Z] [ERROR] Failed to send message from BroToxi: User is not authenticated.[0m
[31m[2025-09-24T00:03:48.840Z] [ERROR] Failed to send message from Bushhidoo: User is not authenticated.[0m
[31m[2025-09-24T00:03:50.084Z] [ERROR] Failed to send message from CandyBunker: User is not authenticated.[0m
[31m[2025-09-24T00:03:51.416Z] [ERROR] Failed to send message from MisterBarabolya: User is not authenticated.[0m
[31m[2025-09-24T00:03:52.644Z] [ERROR] Failed to send message from dedisterr: User is not authenticated.[0m
[31m[2025-09-24T00:03:53.873Z] [ERROR] Failed to send message from FireArcher1: User is not authenticated.[0m
[31m[2025-09-24T00:03:55.091Z] [ERROR] Failed to send message from gartobarboss: User is not authenticated.[0m
[31m[2025-09-24T00:03:56.432Z] [ERROR] Failed to send message from thetusk_88: User is not authenticated.[0m
[31m[2025-09-24T00:03:57.763Z] [ERROR] Failed to send message from Jakijan: User is not authenticated.[0m
[31m[2025-09-24T00:03:58.992Z] [ERROR] Failed to send message from stariy_goose: User is not authenticated.[0m
[31m[2025-09-24T00:11:13.907Z] [ERROR] Failed to send message from makar4ik: User is not authenticated.[0m
[31m[2025-09-24T00:11:13.911Z] [ERROR] Failed to send message from B_O_R_O_D_A: User is not authenticated.[0m
[31m[2025-09-24T00:11:13.915Z] [ERROR] Failed to send message from mostkovoj148: User is not authenticated.[0m
[31m[2025-09-24T00:11:13.918Z] [ERROR] Failed to send message from Dudgelord: User is not authenticated.[0m
[31m[2025-09-24T00:11:13.926Z] [ERROR] Failed to send message from TOP1_XIM3ABO: User is not authenticated.[0m
[31m[2025-09-24T00:11:14.406Z] [ERROR] Failed to send message from Benzotape7: User is not authenticated.[0m
[31m[2025-09-24T00:11:14.410Z] [ERROR] Failed to send message from ArtemGotlib: User is not authenticated.[0m
[31m[2025-09-24T00:11:14.412Z] [ERROR] Failed to send message from bloodmotherr: User is not authenticated.[0m
[31m[2025-09-24T00:11:14.416Z] [ERROR] Failed to send message from BarbiGirl52: User is not authenticated.[0m
[31m[2025-09-24T00:11:14.419Z] [ERROR] Failed to send message from Xsolla: User is not authenticated.[0m
[31m[2025-09-24T00:11:14.912Z] [ERROR] Failed to send message from Bushhidoo: User is not authenticated.[0m
[31m[2025-09-24T00:11:14.915Z] [ERROR] Failed to send message from BroToxi: User is not authenticated.[0m
[31m[2025-09-24T00:11:14.917Z] [ERROR] Failed to send message from CandyBunker: User is not authenticated.[0m
[31m[2025-09-24T00:11:14.920Z] [ERROR] Failed to send message from BomjastiK: User is not authenticated.[0m
[31m[2025-09-24T00:11:15.517Z] [ERROR] Failed to send message from MisterBarabolya: User is not authenticated.[0m
[31m[2025-09-24T00:11:15.944Z] [ERROR] Failed to send message from dedisterr: User is not authenticated.[0m
[31m[2025-09-24T00:11:15.948Z] [ERROR] Failed to send message from FireArcher1: User is not authenticated.[0m
[31m[2025-09-24T00:11:15.956Z] [ERROR] Failed to send message from Jakijan: User is not authenticated.[0m
[31m[2025-09-24T00:11:15.961Z] [ERROR] Failed to send message from thetusk_88: User is not authenticated.[0m
[31m[2025-09-24T00:11:15.964Z] [ERROR] Failed to send message from gartobarboss: User is not authenticated.[0m
[31m[2025-09-24T00:11:16.953Z] [ERROR] Failed to send message from stariy_goose: User is not authenticated.[0m
[31m[2025-09-24T00:11:51.259Z] [ERROR] Failed to send message from B_O_R_O_D_A: User is not authenticated.[0m
[31m[2025-09-24T00:11:51.274Z] [ERROR] Failed to send message from makar4ik: User is not authenticated.[0m
[31m[2025-09-24T00:11:51.278Z] [ERROR] Failed to send message from mostkovoj148: User is not authenticated.[0m
[31m[2025-09-24T00:11:51.285Z] [ERROR] Failed to send message from Dudgelord: User is not authenticated.[0m
[31m[2025-09-24T00:11:51.287Z] [ERROR] Failed to send message from BarbiGirl52: User is not authenticated.[0m
[31m[2025-09-24T00:11:51.290Z] [ERROR] Failed to send message from bloodmotherr: User is not authenticated.[0m
[31m[2025-09-24T00:11:51.295Z] [ERROR] Failed to send message from TOP1_XIM3ABO: User is not authenticated.[0m
[31m[2025-09-24T00:11:51.300Z] [ERROR] Failed to send message from Benzotape7: User is not authenticated.[0m
[31m[2025-09-24T00:11:51.305Z] [ERROR] Failed to send message from Xsolla: User is not authenticated.[0m
[31m[2025-09-24T00:11:51.310Z] [ERROR] Failed to send message from ArtemGotlib: User is not authenticated.[0m
[31m[2025-09-24T00:11:51.669Z] [ERROR] Failed to send message from dedisterr: User is not authenticated.[0m
[31m[2025-09-24T00:11:51.679Z] [ERROR] Failed to send message from MisterBarabolya: User is not authenticated.[0m
[31m[2025-09-24T00:11:51.682Z] [ERROR] Failed to send message from CandyBunker: User is not authenticated.[0m
[31m[2025-09-24T00:11:51.684Z] [ERROR] Failed to send message from FireArcher1: User is not authenticated.[0m
[31m[2025-09-24T00:11:51.688Z] [ERROR] Failed to send message from BomjastiK: User is not authenticated.[0m
[31m[2025-09-24T00:11:51.690Z] [ERROR] Failed to send message from BroToxi: User is not authenticated.[0m
[31m[2025-09-24T00:11:51.694Z] [ERROR] Failed to send message from Bushhidoo: User is not authenticated.[0m
[31m[2025-09-24T00:11:51.700Z] [ERROR] Failed to send message from thetusk_88: User is not authenticated.[0m
[31m[2025-09-24T00:11:52.281Z] [ERROR] Failed to send message from Jakijan: User is not authenticated.[0m
[31m[2025-09-24T00:11:52.285Z] [ERROR] Failed to send message from gartobarboss: User is not authenticated.[0m
[31m[2025-09-24T00:11:52.688Z] [ERROR] Failed to send message from stariy_goose: User is not authenticated.[0m
[31m[2025-09-24T00:12:42.064Z] [ERROR] Failed to send message from makar4ik: User is not authenticated.[0m
[31m[2025-09-24T00:12:42.066Z] [ERROR] Failed to send message from mostkovoj148: User is not authenticated.[0m
[31m[2025-09-24T00:12:42.069Z] [ERROR] Failed to send message from Benzotape7: User is not authenticated.[0m
[31m[2025-09-24T00:12:42.071Z] [ERROR] Failed to send message from bloodmotherr: User is not authenticated.[0m
[31m[2025-09-24T00:12:42.073Z] [ERROR] Failed to send message from BarbiGirl52: User is not authenticated.[0m
[31m[2025-09-24T00:12:42.075Z] [ERROR] Failed to send message from ArtemGotlib: User is not authenticated.[0m
[31m[2025-09-24T00:12:42.078Z] [ERROR] Failed to send message from B_O_R_O_D_A: User is not authenticated.[0m
[31m[2025-09-24T00:12:42.080Z] [ERROR] Failed to send message from Xsolla: User is not authenticated.[0m
[31m[2025-09-24T00:12:42.083Z] [ERROR] Failed to send message from Dudgelord: User is not authenticated.[0m
[31m[2025-09-24T00:12:42.476Z] [ERROR] Failed to send message from TOP1_XIM3ABO: User is not authenticated.[0m
[31m[2025-09-24T00:12:42.871Z] [ERROR] Failed to send message from Bushhidoo: User is not authenticated.[0m
[31m[2025-09-24T00:12:42.884Z] [ERROR] Failed to send message from FireArcher1: User is not authenticated.[0m
[31m[2025-09-24T00:12:42.888Z] [ERROR] Failed to send message from CandyBunker: User is not authenticated.[0m
[31m[2025-09-24T00:12:42.891Z] [ERROR] Failed to send message from Jakijan: User is not authenticated.[0m
[31m[2025-09-24T00:12:42.897Z] [ERROR] Failed to send message from thetusk_88: User is not authenticated.[0m
[31m[2025-09-24T00:12:42.899Z] [ERROR] Failed to send message from dedisterr: User is not authenticated.[0m
[31m[2025-09-24T00:12:42.902Z] [ERROR] Failed to send message from BomjastiK: User is not authenticated.[0m
[31m[2025-09-24T00:12:42.905Z] [ERROR] Failed to send message from gartobarboss: User is not authenticated.[0m
[31m[2025-09-24T00:12:42.908Z] [ERROR] Failed to send message from BroToxi: User is not authenticated.[0m
[31m[2025-09-24T00:12:43.376Z] [ERROR] Failed to send message from MisterBarabolya: User is not authenticated.[0m
[31m[2025-09-24T00:12:43.684Z] [ERROR] Failed to send message from stariy_goose: User is not authenticated.[0m
[31m[2025-09-24T00:13:12.374Z] [ERROR] Failed to send message from Dudgelord: User is not authenticated.[0m
[31m[2025-09-24T00:13:12.377Z] [ERROR] Failed to send message from ArtemGotlib: User is not authenticated.[0m
[31m[2025-09-24T00:13:12.381Z] [ERROR] Failed to send message from makar4ik: User is not authenticated.[0m
[31m[2025-09-24T00:13:12.389Z] [ERROR] Failed to send message from Xsolla: User is not authenticated.[0m
[31m[2025-09-24T00:13:12.397Z] [ERROR] Failed to send message from bloodmotherr: User is not authenticated.[0m
[31m[2025-09-24T00:13:12.399Z] [ERROR] Failed to send message from Benzotape7: User is not authenticated.[0m
[31m[2025-09-24T00:13:12.401Z] [ERROR] Failed to send message from mostkovoj148: User is not authenticated.[0m
[31m[2025-09-24T00:13:12.403Z] [ERROR] Failed to send message from BarbiGirl52: User is not authenticated.[0m
[31m[2025-09-24T00:13:12.971Z] [ERROR] Failed to send message from TOP1_XIM3ABO: User is not authenticated.[0m
[31m[2025-09-24T00:13:12.975Z] [ERROR] Failed to send message from B_O_R_O_D_A: User is not authenticated.[0m
[31m[2025-09-24T00:13:13.288Z] [ERROR] Failed to send message from Bushhidoo: User is not authenticated.[0m
[31m[2025-09-24T00:13:13.293Z] [ERROR] Failed to send message from MisterBarabolya: User is not authenticated.[0m
[31m[2025-09-24T00:13:13.301Z] [ERROR] Failed to send message from CandyBunker: User is not authenticated.[0m
[31m[2025-09-24T00:13:13.304Z] [ERROR] Failed to send message from BroToxi: User is not authenticated.[0m
[31m[2025-09-24T00:13:13.313Z] [ERROR] Failed to send message from Jakijan: User is not authenticated.[0m
[31m[2025-09-24T00:13:13.317Z] [ERROR] Failed to send message from FireArcher1: User is not authenticated.[0m
[31m[2025-09-24T00:13:13.320Z] [ERROR] Failed to send message from thetusk_88: User is not authenticated.[0m
[31m[2025-09-24T00:13:13.324Z] [ERROR] Failed to send message from gartobarboss: User is not authenticated.[0m
[31m[2025-09-24T00:13:13.328Z] [ERROR] Failed to send message from dedisterr: User is not authenticated.[0m
[31m[2025-09-24T00:13:13.891Z] [ERROR] Failed to send message from BomjastiK: User is not authenticated.[0m
[31m[2025-09-24T00:13:14.301Z] [ERROR] Failed to send message from stariy_goose: User is not authenticated.[0m
[31m[2025-09-24T00:13:55.982Z] [ERROR] Failed to send message from makar4ik: User is not authenticated.[0m
[31m[2025-09-24T00:13:55.993Z] [ERROR] Failed to send message from Dudgelord: User is not authenticated.[0m
[31m[2025-09-24T00:13:55.995Z] [ERROR] Failed to send message from mostkovoj148: User is not authenticated.[0m
[31m[2025-09-24T00:13:56.024Z] [ERROR] Failed to send message from TOP1_XIM3ABO: User is not authenticated.[0m
[31m[2025-09-24T00:13:56.591Z] [ERROR] Failed to send message from B_O_R_O_D_A: User is not authenticated.[0m
[31m[2025-09-24T00:13:56.998Z] [ERROR] Failed to send message from BarbiGirl52: User is not authenticated.[0m
[31m[2025-09-24T00:13:57.006Z] [ERROR] Failed to send message from Benzotape7: User is not authenticated.[0m
[31m[2025-09-24T00:13:57.010Z] [ERROR] Failed to send message from bloodmotherr: User is not authenticated.[0m
[31m[2025-09-24T00:13:57.017Z] [ERROR] Failed to send message from ArtemGotlib: User is not authenticated.[0m
[31m[2025-09-24T00:13:57.021Z] [ERROR] Failed to send message from Xsolla: User is not authenticated.[0m
[31m[2025-09-24T00:13:57.512Z] [ERROR] Failed to send message from MisterBarabolya: User is not authenticated.[0m
[31m[2025-09-24T00:13:57.520Z] [ERROR] Failed to send message from BomjastiK: User is not authenticated.[0m
[31m[2025-09-24T00:13:57.522Z] [ERROR] Failed to send message from CandyBunker: User is not authenticated.[0m
[31m[2025-09-24T00:13:57.524Z] [ERROR] Failed to send message from BroToxi: User is not authenticated.[0m
[31m[2025-09-24T00:13:57.526Z] [ERROR] Failed to send message from Bushhidoo: User is not authenticated.[0m
[31m[2025-09-24T00:13:58.029Z] [ERROR] Failed to send message from thetusk_88: User is not authenticated.[0m
[31m[2025-09-24T00:13:58.033Z] [ERROR] Failed to send message from dedisterr: User is not authenticated.[0m
[31m[2025-09-24T00:13:58.037Z] [ERROR] Failed to send message from Jakijan: User is not authenticated.[0m
[31m[2025-09-24T00:13:58.040Z] [ERROR] Failed to send message from gartobarboss: User is not authenticated.[0m
[31m[2025-09-24T00:13:58.043Z] [ERROR] Failed to send message from FireArcher1: User is not authenticated.[0m
[31m[2025-09-24T00:13:58.578Z] [ERROR] Failed to send message from stariy_goose: User is not authenticated.[0m
[31m[2025-09-24T15:18:26.593Z] [ERROR] Failed to send message from makar4ik: User is not authenticated.[0m
[31m[2025-09-24T15:18:27.830Z] [ERROR] Failed to send message from B_O_R_O_D_A: User is not authenticated.[0m
[31m[2025-09-24T15:18:29.086Z] [ERROR] Failed to send message from Dudgelord: User is not authenticated.[0m
[31m[2025-09-24T15:18:30.416Z] [ERROR] Failed to send message from mostkovoj148: User is not authenticated.[0m
[31m[2025-09-24T15:18:31.751Z] [ERROR] Failed to send message from TOP1_XIM3ABO: User is not authenticated.[0m
[31m[2025-09-24T15:20:14.709Z] [ERROR] Failed to send message from TOP1_XIM3ABO: User is not authenticated.[0m
[31m[2025-09-24T15:20:14.724Z] [ERROR] Failed to send message from mostkovoj148: User is not authenticated.[0m
[31m[2025-09-24T15:20:14.728Z] [ERROR] Failed to send message from makar4ik: User is not authenticated.[0m
[31m[2025-09-24T15:20:14.749Z] [ERROR] Failed to send message from Dudgelord: User is not authenticated.[0m
[31m[2025-09-24T15:20:15.376Z] [ERROR] Failed to send message from B_O_R_O_D_A: User is not authenticated.[0m
[31m[2025-09-24T15:20:15.830Z] [ERROR] Failed to send message from Benzotape7: User is not authenticated.[0m
[31m[2025-09-24T15:20:15.831Z] [ERROR] Failed to send message from ArtemGotlib: User is not authenticated.[0m
[31m[2025-09-24T15:20:15.832Z] [ERROR] Failed to send message from BarbiGirl52: User is not authenticated.[0m
[31m[2025-09-24T15:20:15.835Z] [ERROR] Failed to send message from Xsolla: User is not authenticated.[0m
[31m[2025-09-24T15:20:15.851Z] [ERROR] Failed to send message from bloodmotherr: User is not authenticated.[0m
[31m[2025-09-24T15:20:16.303Z] [ERROR] Failed to send message from MisterBarabolya: User is not authenticated.[0m
[31m[2025-09-24T15:20:16.305Z] [ERROR] Failed to send message from CandyBunker: User is not authenticated.[0m
[31m[2025-09-24T15:20:16.306Z] [ERROR] Failed to send message from Bushhidoo: User is not authenticated.[0m
[31m[2025-09-24T15:20:16.313Z] [ERROR] Failed to send message from BomjastiK: User is not authenticated.[0m
[31m[2025-09-24T15:20:17.015Z] [ERROR] Failed to send message from BroToxi: User is not authenticated.[0m
[31m[2025-09-24T15:20:17.627Z] [ERROR] Failed to send message from thetusk_88: User is not authenticated.[0m
[31m[2025-09-24T15:20:17.627Z] [ERROR] Failed to send message from dedisterr: User is not authenticated.[0m
[31m[2025-09-24T15:20:17.628Z] [ERROR] Failed to send message from FireArcher1: User is not authenticated.[0m
[31m[2025-09-24T15:20:17.628Z] [ERROR] Failed to send message from gartobarboss: User is not authenticated.[0m
[31m[2025-09-24T15:20:18.000Z] [ERROR] Failed to send message from Jakijan: User is not authenticated.[0m
[31m[2025-09-24T15:20:18.959Z] [ERROR] Failed to send message from stariy_goose: User is not authenticated.[0m
